<?xml version="1.0" encoding="UTF-8"?>
<!-- Generated by org.testng.reporters.JUnitReportReporter -->
<testsuite hostname="DESKTOP-92B68S6" failures="0" tests="4" name="day7.tasks.task2" time="0.026" errors="0" timestamp="2023-06-04T17:51:14 IST" skipped="0">
  <testcase classname="day7.tasks.task2" name="subtract" time="0.002"/>
  <system-out/>
  <testcase classname="day7.tasks.task2" name="multiply" time="0.004"/>
  <system-out/>
  <testcase classname="day7.tasks.task2" name="add" time="0.018"/>
  <system-out/>
  <testcase classname="day7.tasks.task2" name="divide" time="0.002"/>
  <system-out/>
</testsuite> <!-- day7.tasks.task2 -->
